809  [background-preinit] INFO  o.h.validator.internal.util.Version –HV000001: Hibernate Validator 6.1.7.Final
840  [restartedMain] INFO  com.example.demo.DemoApplication –Starting DemoApplication using Java 20.0.1 on DESKTOP-0JA440H with PID 15704 (C:\Users\Даня\IdeaProjects\Kyrs-master\target\classes started by Даня in C:\Users\Даня\IdeaProjects\Kyrs-master)
841  [restartedMain] INFO  com.example.demo.DemoApplication –No active profile set, falling back to default profiles: default
906  [restartedMain] INFO  o.s.b.d.e.DevToolsPropertyDefaultsPostProcessor –Devtools property defaults active! Set 'spring.devtools.add-properties' to 'false' to disable
907  [restartedMain] INFO  o.s.b.d.e.DevToolsPropertyDefaultsPostProcessor –For additional web related logging consider setting the 'logging.level.web' property to 'DEBUG'
2076 [restartedMain] INFO  o.s.d.r.c.RepositoryConfigurationDelegate –Bootstrapping Spring Data JPA repositories in DEFAULT mode.
2138 [restartedMain] INFO  o.s.d.r.c.RepositoryConfigurationDelegate –Finished Spring Data repository scanning in 52 ms. Found 3 JPA repository interfaces.
3056 [restartedMain] INFO  o.s.b.w.e.tomcat.TomcatWebServer –Tomcat initialized with port(s): 8082 (http)
3068 [restartedMain] INFO  o.a.coyote.http11.Http11NioProtocol –Initializing ProtocolHandler ["http-nio-8082"]
3068 [restartedMain] INFO  o.a.catalina.core.StandardService –Starting service [Tomcat]
3069 [restartedMain] INFO  o.a.catalina.core.StandardEngine –Starting Servlet engine: [Apache Tomcat/9.0.45]
3148 [restartedMain] INFO  o.a.c.c.C.[Tomcat].[localhost].[/] –Initializing Spring embedded WebApplicationContext
3148 [restartedMain] INFO  o.s.b.w.s.c.ServletWebServerApplicationContext –Root WebApplicationContext: initialization completed in 2240 ms
3577 [restartedMain] INFO  o.h.jpa.internal.util.LogHelper –HHH000204: Processing PersistenceUnitInfo [name: default]
3636 [restartedMain] INFO  org.hibernate.Version –HHH000412: Hibernate ORM core version 5.4.30.Final
3786 [restartedMain] INFO  o.h.annotations.common.Version –HCANN000001: Hibernate Commons Annotations {5.1.2.Final}
3903 [restartedMain] INFO  com.zaxxer.hikari.HikariDataSource –HikariPool-1 - Starting...
4173 [restartedMain] INFO  com.zaxxer.hikari.HikariDataSource –HikariPool-1 - Start completed.
4192 [restartedMain] INFO  org.hibernate.dialect.Dialect –HHH000400: Using dialect: org.hibernate.dialect.PostgreSQLDialect
4991 [restartedMain] INFO  o.h.e.t.j.p.i.JtaPlatformInitiator –HHH000490: Using JtaPlatform implementation: [org.hibernate.engine.transaction.jta.platform.internal.NoJtaPlatform]
4998 [restartedMain] INFO  o.s.o.j.LocalContainerEntityManagerFactoryBean –Initialized JPA EntityManagerFactory for persistence unit 'default'
5015 [restartedMain] INFO  o.s.b.d.a.OptionalLiveReloadServer –LiveReload server is running on port 35729
5645 [restartedMain] WARN  o.s.b.a.o.j.JpaBaseConfiguration$JpaWebConfiguration –spring.jpa.open-in-view is enabled by default. Therefore, database queries may be performed during view rendering. Explicitly configure spring.jpa.open-in-view to disable this warning
5861 [restartedMain] INFO  o.s.s.w.DefaultSecurityFilterChain –Will secure any request with [org.springframework.security.web.context.request.async.WebAsyncManagerIntegrationFilter@2287099d, org.springframework.security.web.context.SecurityContextPersistenceFilter@1ebc3b05, org.springframework.security.web.header.HeaderWriterFilter@6276af63, org.springframework.security.web.authentication.logout.LogoutFilter@3f8fe31f, org.springframework.security.web.authentication.UsernamePasswordAuthenticationFilter@faa9c2, org.springframework.security.web.authentication.ui.DefaultLoginPageGeneratingFilter@74459eb1, org.springframework.security.web.authentication.ui.DefaultLogoutPageGeneratingFilter@57d20696, org.springframework.security.web.savedrequest.RequestCacheAwareFilter@73f3f39e, org.springframework.security.web.servletapi.SecurityContextHolderAwareRequestFilter@4162d9c9, org.springframework.security.web.authentication.AnonymousAuthenticationFilter@40431e34, org.springframework.security.web.session.SessionManagementFilter@2eda48a4, org.springframework.security.web.access.ExceptionTranslationFilter@72773b0a, org.springframework.security.web.access.intercept.FilterSecurityInterceptor@20bc1f67]
6023 [restartedMain] INFO  o.s.s.c.ThreadPoolTaskExecutor –Initializing ExecutorService 'applicationTaskExecutor'
6451 [restartedMain] INFO  o.s.s.c.ThreadPoolTaskScheduler –Initializing ExecutorService 'taskScheduler'
6484 [restartedMain] INFO  o.s.b.a.e.web.EndpointLinksResolver –Exposing 2 endpoint(s) beneath base path '/actuator'
6517 [restartedMain] INFO  o.a.coyote.http11.Http11NioProtocol –Starting ProtocolHandler ["http-nio-8082"]
6552 [restartedMain] INFO  o.s.b.w.e.tomcat.TomcatWebServer –Tomcat started on port(s): 8082 (http) with context path ''
6570 [restartedMain] INFO  com.example.demo.DemoApplication –Started DemoApplication in 6.133 seconds (JVM running for 9.83)
6585 [scheduling-1] INFO  c.e.demo.service.ManufactureService –Found all manufactures
6776 [scheduling-1] INFO  c.e.demo.service.WorkerService –Found all workers
10995 [SpringContextShutdownHook] INFO  o.s.s.c.ThreadPoolTaskScheduler –Shutting down ExecutorService 'taskScheduler'
10997 [SpringContextShutdownHook] INFO  o.s.s.c.ThreadPoolTaskExecutor –Shutting down ExecutorService 'applicationTaskExecutor'
11001 [SpringContextShutdownHook] INFO  o.s.o.j.LocalContainerEntityManagerFactoryBean –Closing JPA EntityManagerFactory for persistence unit 'default'
11003 [SpringContextShutdownHook] INFO  com.zaxxer.hikari.HikariDataSource –HikariPool-1 - Shutdown initiated...
11009 [SpringContextShutdownHook] INFO  com.zaxxer.hikari.HikariDataSource –HikariPool-1 - Shutdown completed.
